<?xml version="1.0" encoding="UTF-8"?>
<!-- Generated by org.testng.reporters.JUnitXMLReporter -->
<testsuite ignored="0" hostname="Vasu" failures="0" tests="4" name="Test" time="4.822" errors="0" timestamp="2022-04-22T17:06:28 IST">
  <testcase classname="mvnpract.pract1" name="code1" time="0.01"/>
  <testcase classname="mvnpract.pract1" name="code2" time="0.002"/>
  <testcase classname="mvnpract.pract2" name="code3" time="0.001"/>
  <testcase classname="mvnpract.pract2" name="code4" time="4.743"/>
</testsuite> <!-- Test -->
